<?xml version="1.0" encoding="UTF-8"?>
<testng-results ignored="0" total="1" passed="1" failed="0" skipped="0">
  <reporter-output>
  </reporter-output>
  <suite started-at="2024-04-30T16:14:01 IST" name="API Regression Suite" finished-at="2024-04-30T16:14:02 IST" duration-ms="1782">
    <groups>
    </groups>
    <test started-at="2024-04-30T16:14:01 IST" name="Circuit API Test" finished-at="2024-04-30T16:14:02 IST" duration-ms="1782">
      <class name="com.qa.gorest.tests.CircuitTest">
        <test-method is-config="true" signature="setUp(java.lang.String)[pri:0, instance:com.qa.gorest.tests.CircuitTest@5c42d2b7]" started-at="2024-04-30T16:14:01 IST" name="setUp" finished-at="2024-04-30T16:14:01 IST" duration-ms="344" status="PASS">
          <params>
            <param index="0">
              <value>
                <![CDATA[http://ergast.com]]>
              </value>
            </param>
          </params>
          <reporter-output>
          </reporter-output>
        </test-method> <!-- setUp -->
        <test-method is-config="true" signature="getUserSetup()[pri:0, instance:com.qa.gorest.tests.CircuitTest@5c42d2b7]" started-at="2024-04-30T16:14:01 IST" name="getUserSetup" finished-at="2024-04-30T16:14:01 IST" duration-ms="73" status="PASS">
          <reporter-output>
          </reporter-output>
        </test-method> <!-- getUserSetup -->
        <test-method signature="getAllUsersTest()[pri:0, instance:com.qa.gorest.tests.CircuitTest@5c42d2b7]" started-at="2024-04-30T16:14:01 IST" name="getAllUsersTest" finished-at="2024-04-30T16:14:02 IST" duration-ms="1268" status="PASS">
          <reporter-output>
          </reporter-output>
        </test-method> <!-- getAllUsersTest -->
      </class> <!-- com.qa.gorest.tests.CircuitTest -->
    </test> <!-- Circuit API Test -->
  </suite> <!-- API Regression Suite -->
</testng-results>
