<?xml version="1.0" encoding="UTF-8"?>
<!-- Generated by org.testng.reporters.JUnitXMLReporter -->
<testsuite ignored="0" hostname="DESKTOP-3T17BOV" failures="0" tests="3" name="Go Rest API Test" time="0.787" errors="0" timestamp="2024-04-30T13:41:34 IST">
  <testcase classname="com.qa.gorest.tests.GetUserTest" name="getUserWithQueryParamTest" time="0.281"/>
  <testcase classname="com.qa.gorest.tests.GetUserTest" name="getUserTest" time="0.228"/>
  <testcase classname="com.qa.gorest.tests.GetUserTest" name="getAllUsersTest" time="0.261"/>
</testsuite> <!-- Go Rest API Test -->
