<?xml version="1.0" encoding="UTF-8"?>
<!-- Generated by org.testng.reporters.JUnitXMLReporter -->
<testsuite ignored="0" hostname="DESKTOP-3T17BOV" failures="0" tests="3" name="Go Rest API Test Create user" time="1.704" errors="0" timestamp="2024-04-30T13:41:36 IST">
  <testcase classname="com.qa.gorest.tests.CreateUserTest" name="createUserTest" time="0.663"/>
  <testcase classname="com.qa.gorest.tests.CreateUserTest" name="createUserTest" time="0.517"/>
  <testcase classname="com.qa.gorest.tests.CreateUserTest" name="createUserTest" time="0.509"/>
</testsuite> <!-- Go Rest API Test Create user -->
